19:40:36.051 karate.env system property was: qa 
19:40:36.833 request:
1 > POST https://api.demoblaze.com/signup
1 > Accept-Encoding: gzip,deflate
1 > Connection: Keep-Alive
1 > Content-Length: 48
1 > Content-Type: application/json; charset=UTF-8
1 > Host: api.demoblaze.com
1 > User-Agent: Apache-HttpClient/4.5.11 (Java/11.0.20)
{"username":"user_8alL65","password":"RVpDOVFU"}

19:40:37.681 response time in milliseconds: 847.70
1 < 200
1 < Content-Length: 3
1 < Content-Type: application/json
1 < Date: Sat, 06 Jan 2024 00:40:36 GMT
1 < Server: Google Frontend
1 < X-Cloud-Trace-Context: 6f683657f797495d67ce884e7ab1af03
""


19:40:37.689 [print] ""

19:40:37.705 karate.env system property was: qa 
19:40:37.721 request:
1 > POST https://api.demoblaze.com/signup
1 > Accept-Encoding: gzip,deflate
1 > Connection: Keep-Alive
1 > Content-Length: 48
1 > Content-Type: application/json; charset=UTF-8
1 > Host: api.demoblaze.com
1 > User-Agent: Apache-HttpClient/4.5.11 (Java/11.0.20)
{"username":"user_XgEOZO","password":"bWZjMnFY"}

19:40:38.498 response time in milliseconds: 771.50
1 < 200
1 < Content-Length: 3
1 < Content-Type: application/json
1 < Date: Sat, 06 Jan 2024 00:40:37 GMT
1 < Server: Google Frontend
1 < X-Cloud-Trace-Context: 7d71b56f238918e5b5f090c15567b93a
""


19:40:38.498 [print] ""

19:40:38.498 request:
2 > POST https://api.demoblaze.com/signup
2 > Accept-Encoding: gzip,deflate
2 > Connection: Keep-Alive
2 > Content-Length: 48
2 > Content-Type: application/json; charset=UTF-8
2 > Host: api.demoblaze.com
2 > User-Agent: Apache-HttpClient/4.5.11 (Java/11.0.20)
{"username":"user_XgEOZO","password":"bWZjMnFY"}

19:40:39.115 response time in milliseconds: 614.24
2 < 200
2 < Cache-Control: private
2 < Content-Type: application/json
2 < Date: Sat, 06 Jan 2024 00:40:38 GMT
2 < Server: Google Frontend
2 < Transfer-Encoding: chunked
2 < Vary: Accept-Encoding
2 < X-Cloud-Trace-Context: 56897d681771248af232cf05331be7b7
{"errorMessage":"This user already exist."}


19:40:39.115 [print] {
  "errorMessage": "This user already exist."
}

19:40:39.131 karate.env system property was: qa 
19:40:39.179 request:
1 > POST https://api.demoblaze.com/login
1 > Accept-Encoding: gzip,deflate
1 > Connection: Keep-Alive
1 > Content-Length: 56
1 > Content-Type: application/json; charset=UTF-8
1 > Host: api.demoblaze.com
1 > User-Agent: Apache-HttpClient/4.5.11 (Java/11.0.20)
{"username":"adminjq1234","password":"YWRtaW5qcTEyMzQ="}

19:40:40.134 response time in milliseconds: 958.22
1 < 200
1 < Cache-Control: private
1 < Content-Type: application/json
1 < Date: Sat, 06 Jan 2024 00:40:39 GMT
1 < Server: Google Frontend
1 < Transfer-Encoding: chunked
1 < Vary: Accept-Encoding
1 < X-Cloud-Trace-Context: a6057300c6db63ddad0a529303773aea
"Auth_token: YWRtaW5qcTEyMzQxNzA1MTAx"


19:40:40.140 [print] "Auth_token: YWRtaW5qcTEyMzQxNzA1MTAx"

19:40:40.159 karate.env system property was: qa 
19:40:40.183 request:
1 > POST https://api.demoblaze.com/login
1 > Accept-Encoding: gzip,deflate
1 > Connection: Keep-Alive
1 > Content-Length: 47
1 > Content-Type: application/json; charset=UTF-8
1 > Host: api.demoblaze.com
1 > User-Agent: Apache-HttpClient/4.5.11 (Java/11.0.20)
{"username":"adminjq1234","password":"aaaaaaa"}

19:40:40.855 response time in milliseconds: 671.56
1 < 200
1 < Cache-Control: private
1 < Content-Type: application/json
1 < Date: Sat, 06 Jan 2024 00:40:40 GMT
1 < Server: Google Frontend
1 < Transfer-Encoding: chunked
1 < Vary: Accept-Encoding
1 < X-Cloud-Trace-Context: ef4397c49eb2b17365b93a41986a9d95
{"errorMessage":"Wrong password."}


19:40:40.855 [print] {
  "errorMessage": "Wrong password."
}

19:40:40.863 karate.env system property was: qa 
19:40:40.879 request:
1 > POST https://api.demoblaze.com/login
1 > Accept-Encoding: gzip,deflate
1 > Connection: Keep-Alive
1 > Content-Length: 56
1 > Content-Type: application/json; charset=UTF-8
1 > Host: api.demoblaze.com
1 > User-Agent: Apache-HttpClient/4.5.11 (Java/11.0.20)
{"username":"aaaaaaa1112","password":"YWRtaW5qcTEyMzQ="}

19:40:41.571 response time in milliseconds: 688.42
1 < 200
1 < Cache-Control: private
1 < Content-Type: application/json
1 < Date: Sat, 06 Jan 2024 00:40:40 GMT
1 < Server: Google Frontend
1 < Transfer-Encoding: chunked
1 < Vary: Accept-Encoding
1 < X-Cloud-Trace-Context: c692bd12e60cf52a345e320556cf689a;o=1
{"errorMessage":"User does not exist."}


19:40:41.579 [print] {
  "errorMessage": "User does not exist."
}

